[21566]  core @0.000011> PLACK_ENV is set (development) forcing PSGI handler in /home/gabor/perl5/lib/perl5/Dancer/Handler.pm l. 25
[21566]  core @0.001094> loading Dancer::Handler::PSGI handler in /home/gabor/perl5/lib/perl5/Dancer/Handler.pm l. 40
[21566]  core @0.005762> loading handler 'Dancer::Handler::PSGI' in /home/gabor/perl5/lib/perl5/Dancer.pm l. 352
[21566]  core @0.000138> request: POST /register from 127.0.0.1 in /home/gabor/perl5/lib/perl5/Dancer/Handler.pm l. 51
[21566]  core @0.000503> [hit #1]trying to match `/register' against /^\/login$/ in /home/gabor/perl5/lib/perl5/Dancer/Route.pm l. 78
[21566]  core @0.000664> [hit #1]trying to match `/register' against /^\/register$/ in /home/gabor/perl5/lib/perl5/Dancer/Route.pm l. 78
[21566]  core @0.000801> [hit #1]  --> got 1 in /home/gabor/perl5/lib/perl5/Dancer/Route.pm l. 95
[21566] error @0.065618> [hit #1]request to /register crashed: Can't locate object method "new" via package "String::Random" (perhaps you forgot to load "String::Random"?) at /home/gabor/work/Dwimmer/lib/Dwimmer.pm line 134. in /home/gabor/perl5/lib/perl5/Dancer/Handler.pm l. 84
[21566]  core @0.074243> [hit #1]response: 500 in /home/gabor/perl5/lib/perl5/Dancer/Handler.pm l. 158
[21567]  core @0.000011> PLACK_ENV is set (development) forcing PSGI handler in /home/gabor/perl5/lib/perl5/Dancer/Handler.pm l. 25
[21567]  core @0.001089> loading Dancer::Handler::PSGI handler in /home/gabor/perl5/lib/perl5/Dancer/Handler.pm l. 40
[21567]  core @0.005830> loading handler 'Dancer::Handler::PSGI' in /home/gabor/perl5/lib/perl5/Dancer.pm l. 352
[21567]  core @0.000164> request: GET /css/error.css from 127.0.0.1 in /home/gabor/perl5/lib/perl5/Dancer/Handler.pm l. 51
[21567]  core @0.003622> [hit #1]response: 200 in /home/gabor/perl5/lib/perl5/Dancer/Handler.pm l. 158
[21589]  core @0.000010> PLACK_ENV is set (development) forcing PSGI handler in /home/gabor/perl5/lib/perl5/Dancer/Handler.pm l. 25
[21589]  core @0.001091> loading Dancer::Handler::PSGI handler in /home/gabor/perl5/lib/perl5/Dancer/Handler.pm l. 40
[21589]  core @0.005698> loading handler 'Dancer::Handler::PSGI' in /home/gabor/perl5/lib/perl5/Dancer.pm l. 352
[21589]  core @0.000132> request: POST /register from 127.0.0.1 in /home/gabor/perl5/lib/perl5/Dancer/Handler.pm l. 51
[21589]  core @0.000472> [hit #1]trying to match `/register' against /^\/login$/ in /home/gabor/perl5/lib/perl5/Dancer/Route.pm l. 78
[21589]  core @0.000637> [hit #1]trying to match `/register' against /^\/register$/ in /home/gabor/perl5/lib/perl5/Dancer/Route.pm l. 78
[21589]  core @0.000779> [hit #1]  --> got 1 in /home/gabor/perl5/lib/perl5/Dancer/Route.pm l. 95
[21589] error @0.066976> [hit #1]request to /register crashed: DBIx::Class::ResultSet::create(): DBI Exception: DBD::SQLite::st execute failed: attempt to write a readonly database [for Statement "INSERT INTO user ( email, name, sha1, validation_key) VALUES ( ?, ?, ?, ? )"] at /home/gabor/work/Dwimmer/lib/Dwimmer.pm line 137 in /home/gabor/perl5/lib/perl5/Dancer/Handler.pm l. 84
[21589]  core @0.075940> [hit #1]response: 500 in /home/gabor/perl5/lib/perl5/Dancer/Handler.pm l. 158
[21590]  core @0.000010> PLACK_ENV is set (development) forcing PSGI handler in /home/gabor/perl5/lib/perl5/Dancer/Handler.pm l. 25
[21590]  core @0.001087> loading Dancer::Handler::PSGI handler in /home/gabor/perl5/lib/perl5/Dancer/Handler.pm l. 40
[21590]  core @0.005723> loading handler 'Dancer::Handler::PSGI' in /home/gabor/perl5/lib/perl5/Dancer.pm l. 352
[21590]  core @0.000133> request: GET /css/error.css from 127.0.0.1 in /home/gabor/perl5/lib/perl5/Dancer/Handler.pm l. 51
[21590]  core @0.003443> [hit #1]response: 200 in /home/gabor/perl5/lib/perl5/Dancer/Handler.pm l. 158
[21601]  core @0.000010> PLACK_ENV is set (development) forcing PSGI handler in /home/gabor/perl5/lib/perl5/Dancer/Handler.pm l. 25
[21601]  core @0.001091> loading Dancer::Handler::PSGI handler in /home/gabor/perl5/lib/perl5/Dancer/Handler.pm l. 40
[21601]  core @0.005733> loading handler 'Dancer::Handler::PSGI' in /home/gabor/perl5/lib/perl5/Dancer.pm l. 352
[21601]  core @0.000130> request: POST /register from 127.0.0.1 in /home/gabor/perl5/lib/perl5/Dancer/Handler.pm l. 51
[21601]  core @0.000466> [hit #1]trying to match `/register' against /^\/login$/ in /home/gabor/perl5/lib/perl5/Dancer/Route.pm l. 78
[21601]  core @0.000627> [hit #1]trying to match `/register' against /^\/register$/ in /home/gabor/perl5/lib/perl5/Dancer/Route.pm l. 78
[21601]  core @0.000770> [hit #1]  --> got 1 in /home/gabor/perl5/lib/perl5/Dancer/Route.pm l. 95
[21601] error @0.067180> [hit #1]request to /register crashed: DBIx::Class::ResultSet::create(): DBI Exception: DBD::SQLite::st execute failed: unable to open database file [for Statement "INSERT INTO user ( email, name, sha1, validation_key) VALUES ( ?, ?, ?, ? )"] at /home/gabor/work/Dwimmer/lib/Dwimmer.pm line 137 in /home/gabor/perl5/lib/perl5/Dancer/Handler.pm l. 84
[21601]  core @0.076466> [hit #1]response: 500 in /home/gabor/perl5/lib/perl5/Dancer/Handler.pm l. 158
[21602]  core @0.000011> PLACK_ENV is set (development) forcing PSGI handler in /home/gabor/perl5/lib/perl5/Dancer/Handler.pm l. 25
[21602]  core @0.001148> loading Dancer::Handler::PSGI handler in /home/gabor/perl5/lib/perl5/Dancer/Handler.pm l. 40
[21602]  core @0.005807> loading handler 'Dancer::Handler::PSGI' in /home/gabor/perl5/lib/perl5/Dancer.pm l. 352
[21602]  core @0.000129> request: GET /css/error.css from 127.0.0.1 in /home/gabor/perl5/lib/perl5/Dancer/Handler.pm l. 51
[21602]  core @0.003479> [hit #1]response: 200 in /home/gabor/perl5/lib/perl5/Dancer/Handler.pm l. 158
[21646]  core @0.000010> PLACK_ENV is set (development) forcing PSGI handler in /home/gabor/perl5/lib/perl5/Dancer/Handler.pm l. 25
[21646]  core @0.001086> loading Dancer::Handler::PSGI handler in /home/gabor/perl5/lib/perl5/Dancer/Handler.pm l. 40
[21646]  core @0.005788> loading handler 'Dancer::Handler::PSGI' in /home/gabor/perl5/lib/perl5/Dancer.pm l. 352
[21646]  core @0.000133> request: POST /register from 127.0.0.1 in /home/gabor/perl5/lib/perl5/Dancer/Handler.pm l. 51
[21646]  core @0.000469> [hit #1]trying to match `/register' against /^\/login$/ in /home/gabor/perl5/lib/perl5/Dancer/Route.pm l. 78
[21646]  core @0.000631> [hit #1]trying to match `/register' against /^\/register$/ in /home/gabor/perl5/lib/perl5/Dancer/Route.pm l. 78
[21646]  core @0.000775> [hit #1]  --> got 1 in /home/gabor/perl5/lib/perl5/Dancer/Route.pm l. 95
[21646]  core @0.178155> [hit #1]response: 200 in /home/gabor/perl5/lib/perl5/Dancer/Handler.pm l. 158
[7423]  core @0.000012> PLACK_ENV is set (development) forcing PSGI handler in /home/gabor/perl5/lib/perl5/Dancer/Handler.pm l. 25
[7423]  core @0.126278> loading Dancer::Handler::PSGI handler in /home/gabor/perl5/lib/perl5/Dancer/Handler.pm l. 40
[7423]  core @0.243222> loading handler 'Dancer::Handler::PSGI' in /home/gabor/perl5/lib/perl5/Dancer.pm l. 352
[7423]  core @0.000180> request: GET /register from 127.0.0.1 in /home/gabor/perl5/lib/perl5/Dancer/Handler.pm l. 51
[7423]  core @0.000606> [hit #1]trying to match `/register' against /^\/$/ in /home/gabor/perl5/lib/perl5/Dancer/Route.pm l. 78
[7423]  core @0.000803> [hit #1]trying to match `/register' against /^\/index$/ in /home/gabor/perl5/lib/perl5/Dancer/Route.pm l. 78
[7423]  core @0.000980> [hit #1]trying to match `/register' against /^\/logout$/ in /home/gabor/perl5/lib/perl5/Dancer/Route.pm l. 78
[7423]  core @0.001139> [hit #1]trying to match `/register' against /^\/page$/ in /home/gabor/perl5/lib/perl5/Dancer/Route.pm l. 78
[7423]  core @0.001295> [hit #1]trying to match `/register' against /^\/invalid_login$/ in /home/gabor/perl5/lib/perl5/Dancer/Route.pm l. 78
[7423]  core @0.001452> [hit #1]trying to match `/register' against /^\/not_verified$/ in /home/gabor/perl5/lib/perl5/Dancer/Route.pm l. 78
[7423]  core @0.001605> [hit #1]trying to match `/register' against /^\/register$/ in /home/gabor/perl5/lib/perl5/Dancer/Route.pm l. 78
[7423]  core @0.001754> [hit #1]  --> got 1 in /home/gabor/perl5/lib/perl5/Dancer/Route.pm l. 95
[7423]  core @0.040353> [hit #1]entering before_template_render hook in /home/gabor/perl5/lib/perl5/Dancer/Hook.pm l. 53
[7423]  core @0.249484> [hit #1]response: 200 in /home/gabor/perl5/lib/perl5/Dancer/Handler.pm l. 158
[7442]  core @0.000011> PLACK_ENV is set (development) forcing PSGI handler in /home/gabor/perl5/lib/perl5/Dancer/Handler.pm l. 25
[7442]  core @0.001095> loading Dancer::Handler::PSGI handler in /home/gabor/perl5/lib/perl5/Dancer/Handler.pm l. 40
[7442]  core @0.005704> loading handler 'Dancer::Handler::PSGI' in /home/gabor/perl5/lib/perl5/Dancer.pm l. 352
[7442]  core @0.000122> request: GET /css/style.css from 127.0.0.1 in /home/gabor/perl5/lib/perl5/Dancer/Handler.pm l. 51
[7442]  core @0.047150> [hit #1]response: 200 in /home/gabor/perl5/lib/perl5/Dancer/Handler.pm l. 158
[7455]  core @0.000010> PLACK_ENV is set (development) forcing PSGI handler in /home/gabor/perl5/lib/perl5/Dancer/Handler.pm l. 25
[7455]  core @0.001075> loading Dancer::Handler::PSGI handler in /home/gabor/perl5/lib/perl5/Dancer/Handler.pm l. 40
[7455]  core @0.005658> loading handler 'Dancer::Handler::PSGI' in /home/gabor/perl5/lib/perl5/Dancer.pm l. 352
[7455]  core @0.000124> request: GET /images/perldancer-bg.jpg from 127.0.0.1 in /home/gabor/perl5/lib/perl5/Dancer/Handler.pm l. 51
[7455]  core @0.409169> [hit #1]response: 200 in /home/gabor/perl5/lib/perl5/Dancer/Handler.pm l. 158
[7459]  core @0.000011> PLACK_ENV is set (development) forcing PSGI handler in /home/gabor/perl5/lib/perl5/Dancer/Handler.pm l. 25
[7459]  core @0.001085> loading Dancer::Handler::PSGI handler in /home/gabor/perl5/lib/perl5/Dancer/Handler.pm l. 40
[7459]  core @0.005682> loading handler 'Dancer::Handler::PSGI' in /home/gabor/perl5/lib/perl5/Dancer.pm l. 352
[7459]  core @0.000120> request: GET /favicon.ico from 127.0.0.1 in /home/gabor/perl5/lib/perl5/Dancer/Handler.pm l. 51
[7459]  core @0.003722> [hit #1]response: 200 in /home/gabor/perl5/lib/perl5/Dancer/Handler.pm l. 158
[7466]  core @0.000010> PLACK_ENV is set (development) forcing PSGI handler in /home/gabor/perl5/lib/perl5/Dancer/Handler.pm l. 25
[7466]  core @0.001171> loading Dancer::Handler::PSGI handler in /home/gabor/perl5/lib/perl5/Dancer/Handler.pm l. 40
[7466]  core @0.005878> loading handler 'Dancer::Handler::PSGI' in /home/gabor/perl5/lib/perl5/Dancer.pm l. 352
[7466]  core @0.000136> request: GET /favicon.ico from 127.0.0.1 in /home/gabor/perl5/lib/perl5/Dancer/Handler.pm l. 51
[7466]  core @0.003545> [hit #1]response: 200 in /home/gabor/perl5/lib/perl5/Dancer/Handler.pm l. 158
[30531]  core @0.000014> loading application Dwimmer::Admin in /home/gabor/perl5/lib/perl5/Dancer.pm l. 221
[30531]  core @0.012385> initializing appdir to: `/home/gabor/work/Dwimmer/bin/..' in /home/gabor/perl5/lib/perl5/Dancer.pm l. 276
[30531]  core @0.079685> PLACK_ENV is set (development) forcing PSGI handler in /home/gabor/perl5/lib/perl5/Dancer/Handler.pm l. 26
[30531]  core @0.094781> loading Dancer::Handler::PSGI handler in /home/gabor/perl5/lib/perl5/Dancer/Handler.pm l. 41
[30531]  core @0.136467> loading handler 'Dancer::Handler::PSGI' in /home/gabor/perl5/lib/perl5/Dancer.pm l. 366
[30531]  core @0.000162> request: GET /index from 127.0.0.1 in /home/gabor/perl5/lib/perl5/Dancer/Handler.pm l. 52
[30531]  core @0.000497> [hit #1]trying to match `/index' against /(?-xism:^(?-xism:^/([a-zA-Z0-9]\w*)?$)$)/ in /home/gabor/perl5/lib/perl5/Dancer/Route.pm l. 78
[30531]  core @0.000641> [hit #1]  --> got 1 in /home/gabor/perl5/lib/perl5/Dancer/Route.pm l. 95
[30531]  core @0.000956> [hit #1]entering before hook in /home/gabor/perl5/lib/perl5/Dancer/Hook.pm l. 57
[30531]  core @0.068253> [hit #1]response: 200 in /home/gabor/perl5/lib/perl5/Dancer/Handler.pm l. 167
[30532]  core @0.000015> loading application Dwimmer::Admin in /home/gabor/perl5/lib/perl5/Dancer.pm l. 221
[30532]  core @0.000586> initializing appdir to: `/home/gabor/work/Dwimmer/bin/..' in /home/gabor/perl5/lib/perl5/Dancer.pm l. 276
[30532]  core @0.067938> PLACK_ENV is set (development) forcing PSGI handler in /home/gabor/perl5/lib/perl5/Dancer/Handler.pm l. 26
[30532]  core @0.069164> loading Dancer::Handler::PSGI handler in /home/gabor/perl5/lib/perl5/Dancer/Handler.pm l. 41
[30532]  core @0.074580> loading handler 'Dancer::Handler::PSGI' in /home/gabor/perl5/lib/perl5/Dancer.pm l. 366
[30532]  core @0.000144> request: GET /favicon.ico from 127.0.0.1 in /home/gabor/perl5/lib/perl5/Dancer/Handler.pm l. 52
[30532]  core @0.004165> [hit #1]response: 200 in /home/gabor/perl5/lib/perl5/Dancer/Handler.pm l. 167
